{
  "RSpec": {
    "coverage": {
      "/Users/daniel/Projects/book/dpchat/Book/code/lita-whats-brad-eating/lib/lita-whats-brad-eating.rb": [
        1,
        null,
        1,
        null,
        null,
        null,
        1,
        null,
        1,
        null,
        null,
        null
      ],
      "/Users/daniel/Projects/book/dpchat/Book/code/lita-whats-brad-eating/lib/lita/handlers/whats_brad_eating.rb": [
        1,
        null,
        1,
        1,
        1,
        1,
        null,
        null,
        null,
        null,
        null,
        1,
        null,
        1,
        10,
        null,
        null,
        null,
        1,
        7,
        null,
        null,
        1,
        5,
        null,
        null,
        1,
        3,
        null,
        null,
        1,
        1,
        null,
        null,
        null,
        1,
        null,
        1,
        1,
        null,
        1,
        null,
        1,
        null,
        null,
        null,
        1,
        null,
        null,
        null
      ]
    },
    "timestamp": 1522436893
  }
}
